d:\documents\dropbox\source\cpp\cppitmotasks\t15\x64\debug\vc143.pdb
d:\documents\dropbox\source\cpp\cppitmotasks\t15\x64\debug\vc143.idb
d:\documents\dropbox\source\cpp\cppitmotasks\t15\x64\debug\student.obj
d:\documents\dropbox\source\cpp\cppitmotasks\t15\x64\debug\main.obj
d:\documents\dropbox\source\cpp\cppitmotasks\t15\x64\debug\idcard.obj
d:\documents\dropbox\source\cpp\cppitmotasks\t15\x64\debug\group.obj
d:\documents\dropbox\source\cpp\cppitmotasks\t15\x64\debug\t15.pdb
d:\documents\dropbox\source\cpp\cppitmotasks\t15\x64\debug\t15.tlog\cl.command.1.tlog
d:\documents\dropbox\source\cpp\cppitmotasks\t15\x64\debug\t15.tlog\cl.read.1.tlog
d:\documents\dropbox\source\cpp\cppitmotasks\t15\x64\debug\t15.tlog\cl.write.1.tlog
d:\documents\dropbox\source\cpp\cppitmotasks\t15\x64\debug\t15.tlog\link.14064-cvtres.read.1.tlog
d:\documents\dropbox\source\cpp\cppitmotasks\t15\x64\debug\t15.tlog\link.14064-cvtres.write.1.tlog
d:\documents\dropbox\source\cpp\cppitmotasks\t15\x64\debug\t15.tlog\link.14064-rc.read.1.tlog
d:\documents\dropbox\source\cpp\cppitmotasks\t15\x64\debug\t15.tlog\link.14064-rc.write.1.tlog
d:\documents\dropbox\source\cpp\cppitmotasks\t15\x64\debug\t15.tlog\link.14064.read.1.tlog
d:\documents\dropbox\source\cpp\cppitmotasks\t15\x64\debug\t15.tlog\link.14064.read.2.tlog
d:\documents\dropbox\source\cpp\cppitmotasks\t15\x64\debug\t15.tlog\link.14064.write.1.tlog
d:\documents\dropbox\source\cpp\cppitmotasks\t15\x64\debug\t15.tlog\link.command.1.tlog
d:\documents\dropbox\source\cpp\cppitmotasks\t15\x64\debug\t15.tlog\link.read.1.tlog
d:\documents\dropbox\source\cpp\cppitmotasks\t15\x64\debug\t15.tlog\link.write.1.tlog
